#
# A fatal error has been detected by the Java Runtime Environment:
#
#  EXCEPTION_ACCESS_VIOLATION (0xc0000005) at pc=0x000000006f278ae9, pid=10980, tid=16600
#
# JRE version: Java(TM) SE Runtime Environment (8.0_73-b02) (build 1.8.0_73-b02)
# Java VM: Java HotSpot(TM) 64-Bit Server VM (25.73-b02 mixed mode windows-amd64 compressed oops)
# Problematic frame:
# V  [jvm.dll+0x128ae9]
#
# Failed to write core dump. Minidumps are not enabled by default on client versions of Windows
#
# If you would like to submit a bug report, please visit:
#   http://bugreport.java.com/bugreport/crash.jsp
#

---------------  T H R E A D  ---------------

Current thread (0x0000000027648800):  JavaThread "JDWP Transport Listener: dt_socket" daemon [_thread_in_vm, id=16600, stack(0x0000000027fd0000,0x00000000280d0000)]

siginfo: ExceptionCode=0xc0000005, reading address 0x0000007382f61211

Registers:
RAX=0x00000000280cf801, RBX=0x0000000715cd2fc8, RCX=0x0000000715cd2fc8, RDX=0x0000007382f61201
RSP=0x00000000280cf860, RBP=0x000000002764ad40, RSI=0x00000000280cf978, RDI=0x0000000000d8ec10
R8 =0x0000000027648800, R9 =0x0000000000000000, R10=0x0000000000000000, R11=0x0000000000000064
R12=0x0000000000000000, R13=0x00000000276549c8, R14=0x0000000000000000, R15=0x0000000000000000
RIP=0x000000006f278ae9, EFLAGS=0x0000000000010202

Top of Stack: (sp=0x00000000280cf860)
0x00000000280cf860:   0000000027648800 0000000027648800
0x00000000280cf870:   00000000280cf928 000000006f47e34b
0x00000000280cf880:   0000000027648800 000000006f49abad
0x00000000280cf890:   0000000000000000 000000006ef79155
0x00000000280cf8a0:   00000000277193d0 000000006ef8291e
0x00000000280cf8b0:   0000000027648800 0000000000000000
0x00000000280cf8c0:   0000000000000000 0000000000000000
0x00000000280cf8d0:   000000002764ad40 000000006ef81a15
0x00000000280cf8e0:   00000000280cf978 00000000280cf950
0x00000000280cf8f0:   0000000000000001 00000000277193d0
0x00000000280cf900:   000000002764ad40 000000006ef653b3
0x00000000280cf910:   00000000280cfa40 0000000000000001
0x00000000280cf920:   0000000000000001 00000000277193d0
0x00000000280cf930:   0000000000000009 0000000000000000
0x00000000280cf940:   0000000000000000 0000000000000000
0x00000000280cf950:   0000000000000001 000000006ef65571 

Instructions: (pc=0x000000006f278ae9)
0x000000006f278ac9:   33 c0 48 83 c4 28 c3 48 89 5c 24 20 48 8b 19 48
0x000000006f278ad9:   85 db 74 20 48 83 fb 37 74 1a 48 8b 13 48 8b cb
0x000000006f278ae9:   ff 52 10 84 c0 74 0d 48 8b c3 48 8b 5c 24 20 48
0x000000006f278af9:   83 c4 28 c3 33 c0 48 8b 5c 24 20 48 83 c4 28 c3 


Register to memory mapping:

RAX=0x00000000280cf801 is pointing into the stack for thread: 0x0000000027648800
RBX=0x0000000715cd2fc8 is an oop
java.lang.Class 
 - klass: 'java/lang/Class'
RCX=0x0000000715cd2fc8 is an oop
java.lang.Class 
 - klass: 'java/lang/Class'
RDX=0x0000007382f61201 is an unknown value
RSP=0x00000000280cf860 is pointing into the stack for thread: 0x0000000027648800
RBP=0x000000002764ad40 is an unknown value
RSI=0x00000000280cf978 is pointing into the stack for thread: 0x0000000027648800
RDI=0x0000000000d8ec10 is an unknown value
R8 =0x0000000027648800 is a thread
R9 =0x0000000000000000 is an unknown value
R10=0x0000000000000000 is an unknown value
R11=0x0000000000000064 is an unknown value
R12=0x0000000000000000 is an unknown value
R13=0x00000000276549c8 is an unknown value
R14=0x0000000000000000 is an unknown value
R15=0x0000000000000000 is an unknown value


Stack: [0x0000000027fd0000,0x00000000280d0000],  sp=0x00000000280cf860,  free space=1022k
Native frames: (J=compiled Java code, j=interpreted, Vv=VM code, C=native code)
V  [jvm.dll+0x128ae9]
V  [jvm.dll+0x34abad]
C  [jdwp.dll+0x21a15]
C  [jdwp.dll+0x53b3]
C  [jdwp.dll+0x5571]
C  [jdwp.dll+0xf0a8]
C  [jdwp.dll+0x1f2d5]
C  [jdwp.dll+0x1f4aa]
V  [jvm.dll+0x1bbb58]
V  [jvm.dll+0x243234]
V  [jvm.dll+0x29a10a]
C  [msvcr100.dll+0x21d9f]
C  [msvcr100.dll+0x21e3b]
C  [KERNEL32.DLL+0x18102]
C  [ntdll.dll+0x5c5b4]


---------------  P R O C E S S  ---------------

Java Threads: ( => current thread )
  0x0000000027710000 JavaThread "Service Thread" daemon [_thread_blocked, id=9680, stack(0x00000000286d0000,0x00000000287d0000)]
  0x0000000027674000 JavaThread "C1 CompilerThread3" daemon [_thread_blocked, id=8212, stack(0x00000000285d0000,0x00000000286d0000)]
  0x0000000027673000 JavaThread "C2 CompilerThread2" daemon [_thread_blocked, id=6156, stack(0x00000000284d0000,0x00000000285d0000)]
  0x0000000027672800 JavaThread "C2 CompilerThread1" daemon [_thread_blocked, id=18668, stack(0x00000000283d0000,0x00000000284d0000)]
  0x000000002766a800 JavaThread "C2 CompilerThread0" daemon [_thread_blocked, id=5708, stack(0x00000000282d0000,0x00000000283d0000)]
  0x000000002765e000 JavaThread "JDWP Command Reader" daemon [_thread_in_native, id=20296, stack(0x00000000281d0000,0x00000000282d0000)]
  0x000000002765a800 JavaThread "JDWP Event Helper Thread" daemon [_thread_blocked, id=15368, stack(0x00000000280d0000,0x00000000281d0000)]
=>0x0000000027648800 JavaThread "JDWP Transport Listener: dt_socket" daemon [_thread_in_vm, id=16600, stack(0x0000000027fd0000,0x00000000280d0000)]
  0x000000002763c000 JavaThread "Attach Listener" daemon [_thread_blocked, id=15644, stack(0x0000000027b10000,0x0000000027c10000)]
  0x000000000108e000 JavaThread "Signal Dispatcher" daemon [_thread_blocked, id=18504, stack(0x0000000027a10000,0x0000000027b10000)]
  0x000000000108a800 JavaThread "Finalizer" daemon [_thread_blocked, id=18500, stack(0x0000000027430000,0x0000000027530000)]
  0x000000002555d800 JavaThread "Reference Handler" daemon [_thread_blocked, id=10552, stack(0x0000000027330000,0x0000000027430000)]
  0x0000000000f97000 JavaThread "main" [_thread_blocked, id=19420, stack(0x0000000000e90000,0x0000000000f90000)]

Other Threads:
  0x0000000025558800 VMThread [stack: 0x0000000027230000,0x0000000027330000] [id=10880]
  0x000000002777e000 WatcherThread [stack: 0x00000000287d0000,0x00000000288d0000] [id=21060]

VM state:not at safepoint (normal execution)

VM Mutex/Monitor currently owned by a thread: None

Heap:
 PSYoungGen      total 153088K, used 10526K [0x0000000715b80000, 0x0000000720600000, 0x00000007c0000000)
  eden space 131584K, 8% used [0x0000000715b80000,0x00000007165c7bd0,0x000000071dc00000)
  from space 21504K, 0% used [0x000000071f100000,0x000000071f100000,0x0000000720600000)
  to   space 21504K, 0% used [0x000000071dc00000,0x000000071dc00000,0x000000071f100000)
 ParOldGen       total 349696K, used 0K [0x00000005c1200000, 0x00000005d6780000, 0x0000000715b80000)
  object space 349696K, 0% used [0x00000005c1200000,0x00000005c1200000,0x00000005d6780000)
 Metaspace       used 3590K, capacity 4714K, committed 4864K, reserved 1056768K
  class space    used 401K, capacity 460K, committed 512K, reserved 1048576K

Card table byte_map: [0x0000000012400000,0x0000000013400000] byte_map_base: 0x000000000f5f7000

Marking Bits: (ParMarkBitMap*) 0x000000006f960600
 Begin Bits: [0x0000000013c00000, 0x000000001bbb8000)
 End Bits:   [0x000000001bbb8000, 0x0000000023b70000)

Polling page: 0x0000000000510000

CodeCache: size=245760Kb used=1475Kb max_used=1483Kb free=244284Kb
 bounds [0x0000000003400000, 0x0000000003670000, 0x0000000012400000]
 total_blobs=465 nmethods=219 adapters=167
 compilation: enabled

Compilation events (10 events):
Event: 0.140 Thread 0x0000000027674000 nmethod 210 0x000000000356f3d0 code [0x000000000356f560, 0x000000000356fa08]
Event: 0.140 Thread 0x0000000027674000  217       3       jdk.internal.org.objectweb.asm.ByteVector::<init> (13 bytes)
Event: 0.140 Thread 0x0000000027674000 nmethod 217 0x0000000003571050 code [0x00000000035711c0, 0x0000000003571410]
Event: 0.140 Thread 0x0000000027674000  218       3       jdk.internal.org.objectweb.asm.ByteVector::putInt (74 bytes)
Event: 0.140 Thread 0x0000000027673000 nmethod 214 0x0000000003572f10 code [0x0000000003573060, 0x0000000003573378]
Event: 0.140 Thread 0x0000000027674000 nmethod 218 0x0000000003570a90 code [0x0000000003570c00, 0x0000000003570ea8]
Event: 0.140 Thread 0x0000000027674000  219       3       jdk.internal.org.objectweb.asm.ByteVector::putByteArray (49 bytes)
Event: 0.140 Thread 0x0000000027674000 nmethod 219 0x0000000003570510 code [0x0000000003570680, 0x0000000003570998]
Event: 0.140 Thread 0x0000000027674000  201       1       java.lang.invoke.LambdaForm::arity (5 bytes)
Event: 0.140 Thread 0x0000000027674000 nmethod 201 0x0000000003570250 code [0x00000000035703a0, 0x00000000035704b0]

GC Heap History (0 events):
No events

Deoptimization events (1 events):
Event: 0.110 Thread 0x0000000000f97000 Uncommon trap: reason=unstable_if action=reinterpret pc=0x0000000003510f20 method=java.lang.String.hashCode()I @ 14

Internal exceptions (4 events):
Event: 0.021 Thread 0x0000000000f97000 Exception <a 'java/lang/NoSuchMethodError': Method sun.misc.Unsafe.defineClass(Ljava/lang/String;[BII)Ljava/lang/Class; name or signature does not match> (0x0000000715b92f90) thrown at [D:\re\puppet\workspace\8-2-build-windows-amd64-cygwin\jdk8u73\6086\hotô™?V:•?
Event: 0.021 Thread 0x0000000000f97000 Exception <a 'java/lang/NoSuchMethodError': Method sun.misc.Unsafe.prefetchRead(Ljava/lang/Object;J)V name or signature does not match> (0x0000000715b93278) thrown at [D:\re\puppet\workspace\8-2-build-windows-amd64-cygwin\jdk8u73\6086\hotspot\src\share\vm\ù5‚‡ÕœÀ?
Event: 0.130 Thread 0x0000000000f97000 Exception <a 'java/lang/NoSuchFieldError': method resolution failed> (0x0000000715d16b50) thrown at [D:\re\puppet\workspace\8-2-build-windows-amd64-cygwin\jdk8u73\6086\hotspot\src\share\vm\prims\methodHandles.cpp, line 1146]
Event: 0.132 Thread 0x0000000000f97000 Exception <a 'java/lang/NoSuchFieldError': method resolution failed> (0x0000000715d23f50) thrown at [D:\re\puppet\workspace\8-2-build-windows-amd64-cygwin\jdk8u73\6086\hotspot\src\share\vm\prims\methodHandles.cpp, line 1146]

Events (10 events):
Event: 51.804 Executing VM operation: GetCurrentLocation
Event: 51.804 Executing VM operation: GetCurrentLocation done
Event: 51.804 Executing VM operation: EnterInterpOnlyMode
Event: 51.804 Executing VM operation: EnterInterpOnlyMode done
Event: 51.805 Executing VM operation: ChangeSingleStep
Event: 51.805 Executing VM operation: ChangeSingleStep done
Event: 51.805 Executing VM operation: ChangeSingleStep
Event: 51.805 Executing VM operation: ChangeSingleStep done
Event: 51.806 Executing VM operation: RedefineClasses
Event: 51.807 Executing VM operation: RedefineClasses done


Dynamic libraries:
0x00007ff7ab030000 - 0x00007ff7ab067000 	C:\Program Files\Java\jre1.8.0_73\bin\javaw.exe
0x00007ffc86950000 - 0x00007ffc86b11000 	C:\WINDOWS\SYSTEM32\ntdll.dll
0x00007ffc85460000 - 0x00007ffc8550d000 	C:\WINDOWS\system32\KERNEL32.DLL
0x00007ffc831d0000 - 0x00007ffc833b8000 	C:\WINDOWS\system32\KERNELBASE.dll
0x00007ffc85a90000 - 0x00007ffc85b37000 	C:\WINDOWS\system32\ADVAPI32.dll
0x00007ffc865a0000 - 0x00007ffc8663d000 	C:\WINDOWS\system32\msvcrt.dll
0x00007ffc85b40000 - 0x00007ffc85b9b000 	C:\WINDOWS\system32\sechost.dll
0x00007ffc86720000 - 0x00007ffc8683c000 	C:\WINDOWS\system32\RPCRT4.dll
0x00007ffc86440000 - 0x00007ffc86596000 	C:\WINDOWS\system32\USER32.dll
0x00007ffc83d50000 - 0x00007ffc83ed6000 	C:\WINDOWS\system32\GDI32.dll
0x00007ffc7f4f0000 - 0x00007ffc7f764000 	C:\WINDOWS\WinSxS\amd64_microsoft.windows.common-controls_6595b64144ccf1df_6.0.10586.0_none_8c15ae12515e1c22\COMCTL32.dll
0x00007ffc85d60000 - 0x00007ffc85fdd000 	C:\WINDOWS\system32\combase.dll
0x00007ffc83a60000 - 0x00007ffc83aca000 	C:\WINDOWS\system32\bcryptPrimitives.dll
0x00007ffc85a50000 - 0x00007ffc85a8b000 	C:\WINDOWS\system32\IMM32.DLL
0x000000006efa0000 - 0x000000006f072000 	C:\Program Files\Java\jre1.8.0_73\bin\msvcr100.dll
0x000000006f150000 - 0x000000006f9e0000 	C:\Program Files\Java\jre1.8.0_73\bin\server\jvm.dll
0x00007ffc86640000 - 0x00007ffc86648000 	C:\WINDOWS\system32\PSAPI.DLL
0x00007ffc743a0000 - 0x00007ffc743a9000 	C:\WINDOWS\SYSTEM32\WSOCK32.dll
0x00007ffc813e0000 - 0x00007ffc81403000 	C:\WINDOWS\SYSTEM32\WINMM.dll
0x00007ffc7f820000 - 0x00007ffc7f82a000 	C:\WINDOWS\SYSTEM32\VERSION.dll
0x00007ffc85cf0000 - 0x00007ffc85d5b000 	C:\WINDOWS\system32\WS2_32.dll
0x00007ffc810a0000 - 0x00007ffc810cc000 	C:\WINDOWS\SYSTEM32\WINMMBASE.dll
0x00007ffc83a10000 - 0x00007ffc83a53000 	C:\WINDOWS\system32\cfgmgr32.dll
0x000000006f140000 - 0x000000006f14f000 	C:\Program Files\Java\jre1.8.0_73\bin\verify.dll
0x000000006f110000 - 0x000000006f139000 	C:\Program Files\Java\jre1.8.0_73\bin\java.dll
0x000000006ef60000 - 0x000000006ef95000 	C:\Program Files\Java\jre1.8.0_73\bin\jdwp.dll
0x000000006ef50000 - 0x000000006ef58000 	C:\Program Files\Java\jre1.8.0_73\bin\npt.dll
0x000000006f0f0000 - 0x000000006f106000 	C:\Program Files\Java\jre1.8.0_73\bin\zip.dll
0x00007ffc83ef0000 - 0x00007ffc8544c000 	C:\WINDOWS\system32\SHELL32.dll
0x00007ffc833c0000 - 0x00007ffc83a05000 	C:\WINDOWS\system32\windows.storage.dll
0x00007ffc85c10000 - 0x00007ffc85c62000 	C:\WINDOWS\system32\shlwapi.dll
0x00007ffc82f90000 - 0x00007ffc82f9f000 	C:\WINDOWS\system32\kernel.appcore.dll
0x00007ffc83000000 - 0x00007ffc830b5000 	C:\WINDOWS\system32\shcore.dll
0x00007ffc82fa0000 - 0x00007ffc82feb000 	C:\WINDOWS\system32\powrprof.dll
0x00007ffc82f70000 - 0x00007ffc82f84000 	C:\WINDOWS\system32\profapi.dll
0x000000006ef40000 - 0x000000006ef49000 	C:\Program Files\Java\jre1.8.0_73\bin\dt_socket.dll
0x00007ffc70eb0000 - 0x00007ffc70ec6000 	C:\WINDOWS\system32\napinsp.dll
0x00007ffc70a10000 - 0x00007ffc70a2a000 	C:\WINDOWS\system32\pnrpnsp.dll
0x00007ffc7d180000 - 0x00007ffc7d198000 	C:\WINDOWS\system32\NLAapi.dll
0x00007ffc828a0000 - 0x00007ffc828fc000 	C:\WINDOWS\System32\mswsock.dll
0x00007ffc819e0000 - 0x00007ffc81a8a000 	C:\WINDOWS\SYSTEM32\DNSAPI.dll
0x00007ffc83ee0000 - 0x00007ffc83ee8000 	C:\WINDOWS\system32\NSI.dll
0x00007ffc72310000 - 0x00007ffc7231d000 	C:\WINDOWS\System32\winrnr.dll
0x00007ffc7fe90000 - 0x00007ffc7fea5000 	C:\WINDOWS\System32\wshbth.dll
0x0000000071e80000 - 0x0000000071ea6000 	C:\Program Files\Bonjour\mdnsNSP.dll
0x00007ffc80180000 - 0x00007ffc801b8000 	C:\WINDOWS\SYSTEM32\Iphlpapi.DLL
0x00007ffc7b7a0000 - 0x00007ffc7b807000 	C:\WINDOWS\System32\fwpuclnt.dll
0x00007ffc82b70000 - 0x00007ffc82b99000 	C:\WINDOWS\SYSTEM32\bcrypt.dll
0x00007ffc76b30000 - 0x00007ffc76b3a000 	C:\Windows\System32\rasadhlp.dll
0x00007ffc7cd10000 - 0x00007ffc7ce9c000 	C:\WINDOWS\SYSTEM32\dbghelp.dll

VM Arguments:
jvm_args: -agentlib:jdwp=transport=dt_socket,suspend=y,address=localhost:57549 -Dfile.encoding=UTF-8 
java_command: edu.cpp.cs580.webdata.parser.Steam.SteamJSONDataPage
java_class_path (initial): C:\Users\Matthew Lai\Documents\Work\Graduate Work\2016 Winter\CS 580\A3\demo-web-project\target\classes;C:\Users\Matthew Lai\.m2\repository\org\seleniumhq\selenium\selenium-java\2.49.1\selenium-java-2.49.1.jar;C:\Users\Matthew Lai\.m2\repository\org\seleniumhq\selenium\selenium-chrome-driver\2.49.1\selenium-chrome-driver-2.49.1.jar;C:\Users\Matthew Lai\.m2\repository\org\seleniumhq\selenium\selenium-remote-driver\2.49.1\selenium-remote-driver-2.49.1.jar;C:\Users\Matthew Lai\.m2\repository\cglib\cglib-nodep\2.1_3\cglib-nodep-2.1_3.jar;C:\Users\Matthew Lai\.m2\repository\org\seleniumhq\selenium\selenium-api\2.49.1\selenium-api-2.49.1.jar;C:\Users\Matthew Lai\.m2\repository\org\seleniumhq\selenium\selenium-edge-driver\2.49.1\selenium-edge-driver-2.49.1.jar;C:\Users\Matthew Lai\.m2\repository\commons-io\commons-io\2.4\commons-io-2.4.jar;C:\Users\Matthew Lai\.m2\repository\org\apache\commons\commons-exec\1.3\commons-exec-1.3.jar;C:\Users\Matthew Lai\.m2\repository\org\seleniumhq\selenium\selenium-htmlunit-driver\2.49.1\selenium-htmlunit-driver-2.49.1.jar;C:\Users\Matthew Lai\.m2\repository\net\sourceforge\htmlunit\htmlunit\2.18\htmlunit-2.18.jar;C:\Users\Matthew Lai\.m2\repository\xalan\xalan\2.7.2\xalan-2.7.2.jar;C:\Users\Matthew Lai\.m2\repository\xalan\serializer\2.7.2\serializer-2.7.2.jar;C:\Users\Matthew Lai\.m2\repository\org\apache\httpcomponents\httpmime\4.3.6\httpmime-4.3.6.jar;C:\Users\Matthew Lai\.m2\repository\commons-codec\commons-codec\1.10\commons-codec-1.10.jar;C:\Users\Matthew Lai\.m2\repository\net\sourceforge\htmlunit\htmlunit-core-js\2.17\htmlunit-core-js-2.17.jar;C:\Users\Matthew Lai\.m2\repository\xerces\xercesImpl\2.11.0\xercesImpl-2.11.0.jar;C:\Users\Matthew Lai\.m2\repository\xml-apis\xml-apis\1.4.01\xml-apis-1.4.01.jar;C:\Users\Matthew Lai\.m2\repository\net\sourceforge\nekohtml\nekohtml\1.9.22\nekohtml-1.9.22.jar;C:\Users\Matthew Lai\.m2\repository\net\sourceforge\cssparser\cssparser\0.9.16\cssparser-0.9.16.jar;C:\U
Launcher Type: SUN_STANDARD

Environment Variables:
JAVA_HOME=C:\Program Files\Java\jdk1.8.0_65\
PATH=C:/Program Files/Java/jre1.8.0_73/bin/server;C:/Program Files/Java/jre1.8.0_73/bin;C:/Program Files/Java/jre1.8.0_73/lib/amd64;C:\ProgramData\Oracle\Java\javapath;C:\WINDOWS\system32;C:\WINDOWS;C:\WINDOWS\System32\Wbem;C:\WINDOWS\System32\WindowsPowerShell\v1.0\;C:\Program Files (x86)\Skype\Phone\;C:\Program Files\Git\cmd;C:\Program Files\apache-maven-3.3.9\bin;C:\Program Files (x86)\NVIDIA Corporation\PhysX\Common;C:\WINDOWS\system32\config\systemprofile\.dnx\bin;C:\Program Files\Microsoft DNX\Dnvm\;C:\Program Files (x86)\MySQL\MySQL Fabric 1.5 & MySQL Utilities 1.5\;C:\Program Files (x86)\MySQL\MySQL Fabric 1.5 & MySQL Utilities 1.5\Doctrine extensions for PHP\;C:\Program Files\Bandizip\7z;C:\Python34;C:\WINDOWS\system32;
USERNAME=Matthew Lai
OS=Windows_NT
PROCESSOR_IDENTIFIER=Intel64 Family 6 Model 94 Stepping 3, GenuineIntel



---------------  S Y S T E M  ---------------

OS: Windows 10.0 , 64 bit Build 10586 (10.0.10586.0)

CPU:total 8 (4 cores per cpu, 2 threads per core) family 6 model 94 stepping 3, cmov, cx8, fxsr, mmx, sse, sse2, sse3, ssse3, sse4.1, sse4.2, popcnt, avx, avx2, aes, clmul, erms, rtm, 3dnowpref, lzcnt, ht, tsc, tscinvbit, bmi1, bmi2, adx

Memory: 4k page, physical 33473012k(22901852k free), swap 38453748k(22040892k free)

vm_info: Java HotSpot(TM) 64-Bit Server VM (25.73-b02) for windows-amd64 JRE (1.8.0_73-b02), built on Jan 29 2016 17:38:49 by "java_re" with MS VC++ 10.0 (VS2010)

time: Sat Mar 05 02:27:16 2016
elapsed time: 51 seconds (0d 0h 0m 51s)

